<?xml version="1.0" encoding="UTF-8"?>
<testsuite xmlns:xsi="http://www.w3.org/2001/XMLSchema-instance" xsi:noNamespaceSchemaLocation="https://maven.apache.org/surefire/maven-surefire-plugin/xsd/surefire-test-report-3.0.xsd" version="3.0" name="com.algorithms.BinarySearchTest" time="0.036" tests="2" errors="0" skipped="0" failures="0">
  <properties>
    <property name="java.specification.version" value="17"/>
    <property name="sun.cpu.isalist" value="amd64"/>
    <property name="sun.jnu.encoding" value="Cp1252"/>
    <property name="java.class.path" value="E:\Programacao\Estudos\algorithm-and-data-structures\target\test-classes;E:\Programacao\Estudos\algorithm-and-data-structures\target\classes;C:\Users\levib\.m2\repository\junit\junit\4.13.2\junit-4.13.2.jar;C:\Users\levib\.m2\repository\org\hamcrest\hamcrest-core\1.3\hamcrest-core-1.3.jar;"/>
    <property name="java.vm.vendor" value="Amazon.com Inc."/>
    <property name="sun.arch.data.model" value="64"/>
    <property name="user.variant" value=""/>
    <property name="java.vendor.url" value="https://aws.amazon.com/corretto/"/>
    <property name="user.timezone" value="America/Sao_Paulo"/>
    <property name="os.name" value="Windows 11"/>
    <property name="java.vm.specification.version" value="17"/>
    <property name="sun.java.launcher" value="SUN_STANDARD"/>
    <property name="user.country" value="BR"/>
    <property name="sun.boot.library.path" value="C:\Users\levib\.jdks\corretto-17.0.7\bin"/>
    <property name="sun.java.command" value="C:\Users\levib\AppData\Local\Temp\surefire2846121797096163023\surefirebooter-20240904223259842_3.jar C:\Users\levib\AppData\Local\Temp\surefire2846121797096163023 2024-09-04T22-32-59_689-jvmRun1 surefire-20240904223259842_1tmp surefire_0-20240904223259842_2tmp"/>
    <property name="jdk.debug" value="release"/>
    <property name="surefire.test.class.path" value="E:\Programacao\Estudos\algorithm-and-data-structures\target\test-classes;E:\Programacao\Estudos\algorithm-and-data-structures\target\classes;C:\Users\levib\.m2\repository\junit\junit\4.13.2\junit-4.13.2.jar;C:\Users\levib\.m2\repository\org\hamcrest\hamcrest-core\1.3\hamcrest-core-1.3.jar;"/>
    <property name="sun.cpu.endian" value="little"/>
    <property name="user.home" value="C:\Users\levib"/>
    <property name="user.language" value="pt"/>
    <property name="java.specification.vendor" value="Oracle Corporation"/>
    <property name="java.version.date" value="2023-04-18"/>
    <property name="java.home" value="C:\Users\levib\.jdks\corretto-17.0.7"/>
    <property name="file.separator" value="\"/>
    <property name="basedir" value="E:\Programacao\Estudos\algorithm-and-data-structures"/>
    <property name="java.vm.compressedOopsMode" value="Zero based"/>
    <property name="line.separator" value="&#10;"/>
    <property name="java.vm.specification.vendor" value="Oracle Corporation"/>
    <property name="java.specification.name" value="Java Platform API Specification"/>
    <property name="surefire.real.class.path" value="C:\Users\levib\AppData\Local\Temp\surefire2846121797096163023\surefirebooter-20240904223259842_3.jar"/>
    <property name="user.script" value=""/>
    <property name="sun.management.compiler" value="HotSpot 64-Bit Tiered Compilers"/>
    <property name="java.runtime.version" value="17.0.7+7-LTS"/>
    <property name="user.name" value="levib"/>
    <property name="path.separator" value=";"/>
    <property name="os.version" value="10.0"/>
    <property name="java.runtime.name" value="OpenJDK Runtime Environment"/>
    <property name="file.encoding" value="Cp1252"/>
    <property name="java.vm.name" value="OpenJDK 64-Bit Server VM"/>
    <property name="java.vendor.version" value="Corretto-17.0.7.7.1"/>
    <property name="localRepository" value="C:\Users\levib\.m2\repository"/>
    <property name="java.vendor.url.bug" value="https://github.com/corretto/corretto-17/issues/"/>
    <property name="java.io.tmpdir" value="C:\Users\levib\AppData\Local\Temp\"/>
    <property name="idea.version" value="2024.2.1"/>
    <property name="java.version" value="17.0.7"/>
    <property name="user.dir" value="E:\Programacao\Estudos\algorithm-and-data-structures"/>
    <property name="os.arch" value="amd64"/>
    <property name="java.vm.specification.name" value="Java Virtual Machine Specification"/>
    <property name="sun.os.patch.level" value=""/>
    <property name="native.encoding" value="Cp1252"/>
    <property name="java.library.path" value="C:\Users\levib\.jdks\corretto-17.0.7\bin;C:\Windows\Sun\Java\bin;C:\Windows\system32;C:\Windows;C:\Windows\system32;C:\Windows;C:\Windows\System32\Wbem;C:\Windows\System32\WindowsPowerShell\v1.0\;C:\Windows\System32\OpenSSH\;C:\Program Files (x86)\NVIDIA Corporation\PhysX\Common;C:\Program Files\NVIDIA Corporation\NVIDIA NvDLISR;C:\Program Files\dotnet\;E:\Programacao\Git LFS;E:\Programacao\PostgreSQL 14\bin;E:\Programacao\Git\cmd;E:\Programacao\flutter\bin;E:\Programacao\jdks\bin;C:\Program Files\WireGuard\;%NVM_HOME%;%NVM_SYMLINK%;E:\Programação\Git\cmd;C:\Program Files\Calibre2\;C:\Users\levib\AppData\Local\Microsoft\WindowsApps;C:\Users\levib\AppData\Local\gitkraken\bin;C:\Users\levib\AppData\Roaming\npm;C:\Users\levib\AppData\Local\JetBrains\Toolbox\scripts;E:\Programacao\heroku\bin;C:\Users\levib\.dotnet\tools;E:\Programacao\Microsoft VS Code\bin;C:\Users\levib\AppData\Roaming\npm\node_modules\@angular\cli\bin;E:\Programacao\OpenSSL-Win64\bin;E:\Programacao\nvm;E:\Programacao\nodejs;."/>
    <property name="java.vm.info" value="mixed mode, sharing"/>
    <property name="java.vendor" value="Amazon.com Inc."/>
    <property name="java.vm.version" value="17.0.7+7-LTS"/>
    <property name="sun.io.unicode.encoding" value="UnicodeLittle"/>
    <property name="java.class.version" value="61.0"/>
  </properties>
  <testcase name="binarySearch_recursive" classname="com.algorithms.BinarySearchTest" time="0.001"/>
  <testcase name="testBinarySearch_iterative" classname="com.algorithms.BinarySearchTest" time="0.0"/>
</testsuite>